  Main.cpp
C:\Users\otz55\source\repos\OpenGl_MoneyFountain\OpenGl_MoneyFountain\Camera.hpp(47,34): warning C4244: 'argument': conversion from 'genType' to 'float', possible loss of data
          with
          [
              genType=double
          ]
C:\Users\otz55\source\repos\OpenGl_MoneyFountain\OpenGl_MoneyFountain\Camera.hpp(47,63): warning C4244: 'argument': conversion from 'genType' to 'float', possible loss of data
          with
          [
              genType=double
          ]
C:\Users\otz55\source\repos\OpenGl_MoneyFountain\OpenGl_MoneyFountain\Camera.hpp(48,34): warning C4244: 'argument': conversion from 'genType' to 'float', possible loss of data
          with
          [
              genType=double
          ]
C:\Users\otz55\source\repos\OpenGl_MoneyFountain\OpenGl_MoneyFountain\Camera.hpp(49,34): warning C4244: 'argument': conversion from 'genType' to 'float', possible loss of data
          with
          [
              genType=double
          ]
C:\Users\otz55\source\repos\OpenGl_MoneyFountain\OpenGl_MoneyFountain\Camera.hpp(49,63): warning C4244: 'argument': conversion from 'genType' to 'float', possible loss of data
          with
          [
              genType=double
          ]
C:\Users\otz55\source\repos\OpenGl_MoneyFountain\OpenGl_MoneyFountain\Main.cpp(211,33): warning C4305: 'argument': truncation from 'double' to 'GLfloat'
C:\Users\otz55\source\repos\OpenGl_MoneyFountain\OpenGl_MoneyFountain\Main.cpp(257,12): warning C4244: 'argument': conversion from 'time_t' to 'unsigned int', possible loss of data
C:\Users\otz55\source\repos\OpenGl_MoneyFountain\OpenGl_MoneyFountain\Main.cpp(305,40): warning C4305: 'argument': truncation from 'double' to 'float'
C:\Users\otz55\source\repos\OpenGl_MoneyFountain\OpenGl_MoneyFountain\Main.cpp(306,75): warning C4244: 'argument': conversion from 'genType' to 'float', possible loss of data
          with
          [
              genType=double
          ]
C:\Users\otz55\source\repos\OpenGl_MoneyFountain\OpenGl_MoneyFountain\Main.cpp(306,43): warning C4244: 'argument': conversion from 'genType' to 'float', possible loss of data
          with
          [
              genType=double
          ]
C:\Users\otz55\source\repos\OpenGl_MoneyFountain\OpenGl_MoneyFountain\Main.cpp(315,47): warning C4305: 'argument': truncation from 'double' to 'float'
C:\Users\otz55\source\repos\OpenGl_MoneyFountain\OpenGl_MoneyFountain\Main.cpp(335,61): warning C4244: '+=': conversion from 'double' to 'T', possible loss of data
          with
          [
              T=float
          ]
LINK : warning LNK4098: defaultlib 'MSVCRTD' conflicts with use of other libs; use /NODEFAULTLIB:library
  Generating code
  1 of 528 functions ( 0.2%) were compiled, the rest were copied from previous compilation.
    0 functions were new in current compilation
    8 functions had inline decision re-evaluated but remain unchanged
  Finished generating code
  OpenGl_MoneyFountain.vcxproj -> C:\Users\otz55\source\repos\OpenGl_MoneyFountain\x64\Release\OpenGl_MoneyFountain.exe
